<?xml version="1.0" encoding="UTF-8"?>
<testsuite name="Register Utest Page" tests="1" skipped="0" failures="1" errors="0" timestamp="2022-05-23T14:50:57" hostname="PO-5684-2GT7J" time="32.551">
  <properties/>
  <testcase name="Create an account" classname="Register Utest Page" time="32.551">
    <failure message="java.lang.AssertionError: Expected answer&#10;Expected: is &lt;true&gt;&#10;     but: was &lt;false&gt;" type="java.lang.AssertionError">java.lang.AssertionError: Expected answer
Expected: is &lt;true&gt;
     but: was &lt;false&gt;
	at net.serenitybdd.screenplay.ErrorTally.throwSummaryExceptionFrom(ErrorTally.java:36)
	at net.serenitybdd.screenplay.ErrorTally.reportAnyErrors(ErrorTally.java:30)
	at net.serenitybdd.screenplay.Actor.should(Actor.java:301)
	at co.com.choucair.certification.utest.stepdefinitions.uteststepdefinitions.sheRegisterTheInformationForTheSuccessfulCreationOfTheAccount(uteststepdefinitions.java:35)
	at ✽.she register the information for the successful creation of the account(src/test/resources/features/utest.feature:10)
</failure>
  </testcase>
  <system-out><![CDATA[]]></system-out>
  <system-err><![CDATA[[Test worker] WARN net.thucydides.core.steps.BaseStepListener - stepStarted: net.thucydides.core.steps.ExecutedStepDescription@4b62a0ae
[Test worker] WARN net.thucydides.core.steps.BaseStepListener - stepStarted: net.thucydides.core.steps.ExecutedStepDescription@201e9c66
[Test worker] WARN net.thucydides.core.steps.BaseStepListener - stepStarted: net.thucydides.core.steps.ExecutedStepDescription@32f77071
may 23, 2022 9:50:57 AM org.openqa.selenium.remote.DesiredCapabilities chrome
INFORMACIÓN: Using `new ChromeOptions()` is preferred to `DesiredCapabilities.chrome()`
[Test worker] INFO net.serenitybdd.core.webdriver.driverproviders.ProvideNewDriver - Instantiating driver
[Test worker] INFO net.serenitybdd.core.webdriver.driverproviders.ProvideNewDriver - Driver capabilities: Capabilities {acceptInsecureCerts: false, browserName: chrome, chrome.switches: --start-maximized, goog:chromeOptions: {args: [--start-maximized], extensions: []}, loggingPrefs: org.openqa.selenium.logging..., platform: ANY, version: }
Starting ChromeDriver 101.0.4951.41 (93c720db8323b3ec10d056025ab95c23a31997c9-refs/branch-heads/4951@{#904}) on port 28942
Only local connections are allowed.
Please see https://chromedriver.chromium.org/security-considerations for suggestions on keeping ChromeDriver safe.
ChromeDriver was started successfully.
may 23, 2022 9:51:02 AM org.openqa.selenium.remote.ProtocolHandshake createSession
INFORMACIÓN: Detected dialect: W3C
[Test worker] WARN net.thucydides.core.steps.BaseStepListener - stepFinished: current outcome:Create an account:Given Daniela wants to create an account on the Utest page [Daniela open up [Daniela opens the Utest page]]
[Test worker] WARN net.thucydides.core.steps.BaseStepListener - stepFinished: current outcome:Create an account:Given Daniela wants to create an account on the Utest page [Daniela open up [Daniela opens the Utest page]]
[Test worker] WARN net.thucydides.core.steps.BaseStepListener - stepStarted: net.thucydides.core.steps.ExecutedStepDescription@125a3555
[Test worker] WARN net.thucydides.core.steps.BaseStepListener - stepStarted: net.thucydides.core.steps.ExecutedStepDescription@6fb6d2ef
[Test worker] WARN net.thucydides.core.steps.BaseStepListener - stepFinished: current outcome:Create an account:Given Daniela wants to create an account on the Utest page [Daniela open up [Daniela opens the Utest page], Daniela join today [Daniela clicks on button that shows us the form to register]]
[Test worker] WARN net.thucydides.core.steps.BaseStepListener - stepFinished: current outcome:Create an account:Given Daniela wants to create an account on the Utest page [Daniela open up [Daniela opens the Utest page], Daniela join today [Daniela clicks on button that shows us the form to register]]
[Test worker] WARN net.thucydides.core.steps.BaseStepListener - stepFinished: current outcome:Create an account:Given Daniela wants to create an account on the Utest page [Daniela open up [Daniela opens the Utest page], Daniela join today [Daniela clicks on button that shows us the form to register]]
[Test worker] WARN net.thucydides.core.steps.BaseStepListener - stepStarted: net.thucydides.core.steps.ExecutedStepDescription@79cb17e0
[Test worker] WARN net.thucydides.core.steps.BaseStepListener - stepStarted: net.thucydides.core.steps.ExecutedStepDescription@7d54a85c
[Test worker] WARN net.thucydides.core.steps.BaseStepListener - stepStarted: net.thucydides.core.steps.ExecutedStepDescription@3772c97e
[Test worker] WARN net.thucydides.core.steps.BaseStepListener - stepFinished: current outcome:Create an account:Given Daniela wants to create an account on the Utest page [Daniela open up [Daniela opens the Utest page], Daniela join today [Daniela clicks on button that shows us the form to register]], When get into the Utest page and click on the 'Join Today' button to register [Daniela register [Daniela enters 'Daniela' into field to write the name of the user]]
[Test worker] WARN net.thucydides.core.steps.BaseStepListener - stepStarted: net.thucydides.core.steps.ExecutedStepDescription@2efab18b
[Test worker] WARN net.thucydides.core.steps.BaseStepListener - stepFinished: current outcome:Create an account:Given Daniela wants to create an account on the Utest page [Daniela open up [Daniela opens the Utest page], Daniela join today [Daniela clicks on button that shows us the form to register]], When get into the Utest page and click on the 'Join Today' button to register [Daniela register [Daniela enters 'Daniela' into field to write the name of the user, Daniela enters 'LondoÃ±o' into field to write the last name of the user]]
[Test worker] WARN net.thucydides.core.steps.BaseStepListener - stepStarted: net.thucydides.core.steps.ExecutedStepDescription@1b74599e
[Test worker] WARN net.thucydides.core.steps.BaseStepListener - stepFinished: current outcome:Create an account:Given Daniela wants to create an account on the Utest page [Daniela open up [Daniela opens the Utest page], Daniela join today [Daniela clicks on button that shows us the form to register]], When get into the Utest page and click on the 'Join Today' button to register [Daniela register [Daniela enters 'Daniela' into field to write the name of the user, Daniela enters 'LondoÃ±o' into field to write the last name of the user, Daniela enters 'danielalj13@gmail.com' into field to write the user's email]]
[Test worker] WARN net.thucydides.core.steps.BaseStepListener - stepStarted: net.thucydides.core.steps.ExecutedStepDescription@6ebfb848
[Test worker] WARN net.thucydides.core.steps.BaseStepListener - stepFinished: current outcome:Create an account:Given Daniela wants to create an account on the Utest page [Daniela open up [Daniela opens the Utest page], Daniela join today [Daniela clicks on button that shows us the form to register]], When get into the Utest page and click on the 'Join Today' button to register [Daniela register [Daniela enters 'Daniela' into field to write the name of the user, Daniela enters 'LondoÃ±o' into field to write the last name of the user, Daniela enters 'danielalj13@gmail.com' into field to write the user's email, Daniela select July on combo box to select de month of birth]]
[Test worker] WARN net.thucydides.core.steps.BaseStepListener - stepStarted: net.thucydides.core.steps.ExecutedStepDescription@7f86c989
[Test worker] WARN net.thucydides.core.steps.BaseStepListener - stepFinished: current outcome:Create an account:Given Daniela wants to create an account on the Utest page [Daniela open up [Daniela opens the Utest page], Daniela join today [Daniela clicks on button that shows us the form to register]], When get into the Utest page and click on the 'Join Today' button to register [Daniela register [Daniela enters 'Daniela' into field to write the name of the user, Daniela enters 'LondoÃ±o' into field to write the last name of the user, Daniela enters 'danielalj13@gmail.com' into field to write the user's email, Daniela select July on combo box to select de month of birth, Daniela select 13 on combo box to select the day of birth]]
[Test worker] WARN net.thucydides.core.steps.BaseStepListener - stepStarted: net.thucydides.core.steps.ExecutedStepDescription@1b3efb3d
[Test worker] WARN net.thucydides.core.steps.BaseStepListener - stepFinished: current outcome:Create an account:Given Daniela wants to create an account on the Utest page [Daniela open up [Daniela opens the Utest page], Daniela join today [Daniela clicks on button that shows us the form to register]], When get into the Utest page and click on the 'Join Today' button to register [Daniela register [Daniela enters 'Daniela' into field to write the name of the user, Daniela enters 'LondoÃ±o' into field to write the last name of the user, Daniela enters 'danielalj13@gmail.com' into field to write the user's email, Daniela select July on combo box to select de month of birth, Daniela select 13 on combo box to select the day of birth, Daniela select 1991 on combo box to select the year of birth]]
[Test worker] WARN net.thucydides.core.steps.BaseStepListener - stepStarted: net.thucydides.core.steps.ExecutedStepDescription@24f09322
[Test worker] WARN net.thucydides.core.steps.BaseStepListener - stepFinished: current outcome:Create an account:Given Daniela wants to create an account on the Utest page [Daniela open up [Daniela opens the Utest page], Daniela join today [Daniela clicks on button that shows us the form to register]], When get into the Utest page and click on the 'Join Today' button to register [Daniela register [Daniela enters 'Daniela' into field to write the name of the user, Daniela enters 'LondoÃ±o' into field to write the last name of the user, Daniela enters 'danielalj13@gmail.com' into field to write the user's email, Daniela select July on combo box to select de month of birth, Daniela select 13 on combo box to select the day of birth, Daniela select 1991 on combo box to select the year of birth, Daniela clicks on select the language]]
[Test worker] WARN net.thucydides.core.steps.BaseStepListener - stepStarted: net.thucydides.core.steps.ExecutedStepDescription@5f9b0db9
[Test worker] WARN net.thucydides.core.steps.BaseStepListener - stepFinished: current outcome:Create an account:Given Daniela wants to create an account on the Utest page [Daniela open up [Daniela opens the Utest page], Daniela join today [Daniela clicks on button that shows us the form to register]], When get into the Utest page and click on the 'Join Today' button to register [Daniela register [Daniela enters 'Daniela' into field to write the name of the user, Daniela enters 'LondoÃ±o' into field to write the last name of the user, Daniela enters 'danielalj13@gmail.com' into field to write the user's email, Daniela select July on combo box to select de month of birth, Daniela select 13 on combo box to select the day of birth, Daniela select 1991 on combo box to select the year of birth, Daniela clicks on select the language, Daniela clicks on next button]]
[Test worker] WARN net.thucydides.core.steps.BaseStepListener - stepStarted: net.thucydides.core.steps.ExecutedStepDescription@782e6d8b
[Test worker] WARN net.thucydides.core.steps.BaseStepListener - stepFinished: current outcome:Create an account:Given Daniela wants to create an account on the Utest page [Daniela open up [Daniela opens the Utest page], Daniela join today [Daniela clicks on button that shows us the form to register]], When get into the Utest page and click on the 'Join Today' button to register [Daniela register [Daniela enters 'Daniela' into field to write the name of the user, Daniela enters 'LondoÃ±o' into field to write the last name of the user, Daniela enters 'danielalj13@gmail.com' into field to write the user's email, Daniela select July on combo box to select de month of birth, Daniela select 13 on combo box to select the day of birth, Daniela select 1991 on combo box to select the year of birth, Daniela clicks on select the language, Daniela clicks on next button, Daniela clicks on select the city]]
[Test worker] WARN net.thucydides.core.steps.BaseStepListener - stepStarted: net.thucydides.core.steps.ExecutedStepDescription@229fbd18
[Test worker] WARN net.thucydides.core.steps.BaseStepListener - stepFinished: current outcome:Create an account:Given Daniela wants to create an account on the Utest page [Daniela open up [Daniela opens the Utest page], Daniela join today [Daniela clicks on button that shows us the form to register]], When get into the Utest page and click on the 'Join Today' button to register [Daniela register [Daniela enters 'Daniela' into field to write the name of the user, Daniela enters 'LondoÃ±o' into field to write the last name of the user, Daniela enters 'danielalj13@gmail.com' into field to write the user's email, Daniela select July on combo box to select de month of birth, Daniela select 13 on combo box to select the day of birth, Daniela select 1991 on combo box to select the year of birth, Daniela clicks on select the language, Daniela clicks on next button, Daniela clicks on select the city, Daniela enters 'Armenia' into select the city]]
[Test worker] WARN net.thucydides.core.steps.BaseStepListener - stepStarted: net.thucydides.core.steps.ExecutedStepDescription@3794d1df
[Test worker] WARN net.thucydides.core.steps.BaseStepListener - stepFinished: current outcome:Create an account:Given Daniela wants to create an account on the Utest page [Daniela open up [Daniela opens the Utest page], Daniela join today [Daniela clicks on button that shows us the form to register]], When get into the Utest page and click on the 'Join Today' button to register [Daniela register [Daniela enters 'Daniela' into field to write the name of the user, Daniela enters 'LondoÃ±o' into field to write the last name of the user, Daniela enters 'danielalj13@gmail.com' into field to write the user's email, Daniela select July on combo box to select de month of birth, Daniela select 13 on combo box to select the day of birth, Daniela select 1991 on combo box to select the year of birth, Daniela clicks on select the language, Daniela clicks on next button, Daniela clicks on select the city, Daniela enters 'Armenia' into select the city, Daniela types 'ARROW_DOWN' in select the city]]
[Test worker] WARN net.thucydides.core.steps.BaseStepListener - stepStarted: net.thucydides.core.steps.ExecutedStepDescription@78af3aee
[Test worker] WARN net.thucydides.core.steps.BaseStepListener - stepFinished: current outcome:Create an account:Given Daniela wants to create an account on the Utest page [Daniela open up [Daniela opens the Utest page], Daniela join today [Daniela clicks on button that shows us the form to register]], When get into the Utest page and click on the 'Join Today' button to register [Daniela register [Daniela enters 'Daniela' into field to write the name of the user, Daniela enters 'LondoÃ±o' into field to write the last name of the user, Daniela enters 'danielalj13@gmail.com' into field to write the user's email, Daniela select July on combo box to select de month of birth, Daniela select 13 on combo box to select the day of birth, Daniela select 1991 on combo box to select the year of birth, Daniela clicks on select the language, Daniela clicks on next button, Daniela clicks on select the city, Daniela enters 'Armenia' into select the city, Daniela types 'ARROW_DOWN' in select the city, Daniela types 'ARROW_DOWN' in enter the ZIP]]
[Test worker] WARN net.thucydides.core.steps.BaseStepListener - stepStarted: net.thucydides.core.steps.ExecutedStepDescription@5a402447
[Test worker] WARN net.thucydides.core.steps.BaseStepListener - stepFinished: current outcome:Create an account:Given Daniela wants to create an account on the Utest page [Daniela open up [Daniela opens the Utest page], Daniela join today [Daniela clicks on button that shows us the form to register]], When get into the Utest page and click on the 'Join Today' button to register [Daniela register [Daniela enters 'Daniela' into field to write the name of the user, Daniela enters 'LondoÃ±o' into field to write the last name of the user, Daniela enters 'danielalj13@gmail.com' into field to write the user's email, Daniela select July on combo box to select de month of birth, Daniela select 13 on combo box to select the day of birth, Daniela select 1991 on combo box to select the year of birth, Daniela clicks on select the language, Daniela clicks on next button, Daniela clicks on select the city, Daniela enters 'Armenia' into select the city, Daniela types 'ARROW_DOWN' in select the city, Daniela types 'ARROW_DOWN' in enter the ZIP, Daniela enters '6600' into enter the ZIP]]
[Test worker] WARN net.thucydides.core.steps.BaseStepListener - stepStarted: net.thucydides.core.steps.ExecutedStepDescription@74d7e52b
[Test worker] WARN net.thucydides.core.steps.BaseStepListener - stepFinished: current outcome:Create an account:Given Daniela wants to create an account on the Utest page [Daniela open up [Daniela opens the Utest page], Daniela join today [Daniela clicks on button that shows us the form to register]], When get into the Utest page and click on the 'Join Today' button to register [Daniela register [Daniela enters 'Daniela' into field to write the name of the user, Daniela enters 'LondoÃ±o' into field to write the last name of the user, Daniela enters 'danielalj13@gmail.com' into field to write the user's email, Daniela select July on combo box to select de month of birth, Daniela select 13 on combo box to select the day of birth, Daniela select 1991 on combo box to select the year of birth, Daniela clicks on select the language, Daniela clicks on next button, Daniela clicks on select the city, Daniela enters 'Armenia' into select the city, Daniela types 'ARROW_DOWN' in select the city, Daniela types 'ARROW_DOWN' in enter the ZIP, Daniela enters '6600' into enter the ZIP, Daniela clicks on select the country]]
[Test worker] WARN net.thucydides.core.steps.BaseStepListener - stepStarted: net.thucydides.core.steps.ExecutedStepDescription@7f928ac2
[Test worker] WARN net.thucydides.core.steps.BaseStepListener - stepFinished: current outcome:Create an account:Given Daniela wants to create an account on the Utest page [Daniela open up [Daniela opens the Utest page], Daniela join today [Daniela clicks on button that shows us the form to register]], When get into the Utest page and click on the 'Join Today' button to register [Daniela register [Daniela enters 'Daniela' into field to write the name of the user, Daniela enters 'LondoÃ±o' into field to write the last name of the user, Daniela enters 'danielalj13@gmail.com' into field to write the user's email, Daniela select July on combo box to select de month of birth, Daniela select 13 on combo box to select the day of birth, Daniela select 1991 on combo box to select the year of birth, Daniela clicks on select the language, Daniela clicks on next button, Daniela clicks on select the city, Daniela enters 'Armenia' into select the city, Daniela types 'ARROW_DOWN' in select the city, Daniela types 'ARROW_DOWN' in enter the ZIP, Daniela enters '6600' into enter the ZIP, Daniela clicks on select the country, Daniela clicks on button to continue with the registration]]
[Test worker] WARN net.thucydides.core.steps.BaseStepListener - stepStarted: net.thucydides.core.steps.ExecutedStepDescription@177c6f35
[Test worker] WARN net.thucydides.core.steps.BaseStepListener - stepFinished: current outcome:Create an account:Given Daniela wants to create an account on the Utest page [Daniela open up [Daniela opens the Utest page], Daniela join today [Daniela clicks on button that shows us the form to register]], When get into the Utest page and click on the 'Join Today' button to register [Daniela register [Daniela enters 'Daniela' into field to write the name of the user, Daniela enters 'LondoÃ±o' into field to write the last name of the user, Daniela enters 'danielalj13@gmail.com' into field to write the user's email, Daniela select July on combo box to select de month of birth, Daniela select 13 on combo box to select the day of birth, Daniela select 1991 on combo box to select the year of birth, Daniela clicks on select the language, Daniela clicks on next button, Daniela clicks on select the city, Daniela enters 'Armenia' into select the city, Daniela types 'ARROW_DOWN' in select the city, Daniela types 'ARROW_DOWN' in enter the ZIP, Daniela enters '6600' into enter the ZIP, Daniela clicks on select the country, Daniela clicks on button to continue with the registration, Daniela clicks on enter name mobile]]
[Test worker] WARN net.thucydides.core.steps.BaseStepListener - stepStarted: net.thucydides.core.steps.ExecutedStepDescription@543b22ee
[Test worker] WARN net.thucydides.core.steps.BaseStepListener - stepFinished: current outcome:Create an account:Given Daniela wants to create an account on the Utest page [Daniela open up [Daniela opens the Utest page], Daniela join today [Daniela clicks on button that shows us the form to register]], When get into the Utest page and click on the 'Join Today' button to register [Daniela register [Daniela enters 'Daniela' into field to write the name of the user, Daniela enters 'LondoÃ±o' into field to write the last name of the user, Daniela enters 'danielalj13@gmail.com' into field to write the user's email, Daniela select July on combo box to select de month of birth, Daniela select 13 on combo box to select the day of birth, Daniela select 1991 on combo box to select the year of birth, Daniela clicks on select the language, Daniela clicks on next button, Daniela clicks on select the city, Daniela enters 'Armenia' into select the city, Daniela types 'ARROW_DOWN' in select the city, Daniela types 'ARROW_DOWN' in enter the ZIP, Daniela enters '6600' into enter the ZIP, Daniela clicks on select the country, Daniela clicks on button to continue with the registration, Daniela clicks on enter name mobile, Daniela clicks on enter model mobile]]
[Test worker] WARN net.thucydides.core.steps.BaseStepListener - stepStarted: net.thucydides.core.steps.ExecutedStepDescription@4d250a68
[Test worker] WARN net.thucydides.core.steps.BaseStepListener - stepFinished: current outcome:Create an account:Given Daniela wants to create an account on the Utest page [Daniela open up [Daniela opens the Utest page], Daniela join today [Daniela clicks on button that shows us the form to register]], When get into the Utest page and click on the 'Join Today' button to register [Daniela register [Daniela enters 'Daniela' into field to write the name of the user, Daniela enters 'LondoÃ±o' into field to write the last name of the user, Daniela enters 'danielalj13@gmail.com' into field to write the user's email, Daniela select July on combo box to select de month of birth, Daniela select 13 on combo box to select the day of birth, Daniela select 1991 on combo box to select the year of birth, Daniela clicks on select the language, Daniela clicks on next button, Daniela clicks on select the city, Daniela enters 'Armenia' into select the city, Daniela types 'ARROW_DOWN' in select the city, Daniela types 'ARROW_DOWN' in enter the ZIP, Daniela enters '6600' into enter the ZIP, Daniela clicks on select the country, Daniela clicks on button to continue with the registration, Daniela clicks on enter name mobile, Daniela clicks on enter model mobile, Daniela clicks on enter system mobile]]
[Test worker] WARN net.thucydides.core.steps.BaseStepListener - stepStarted: net.thucydides.core.steps.ExecutedStepDescription@17057250
[Test worker] WARN net.thucydides.core.steps.BaseStepListener - stepFinished: current outcome:Create an account:Given Daniela wants to create an account on the Utest page [Daniela open up [Daniela opens the Utest page], Daniela join today [Daniela clicks on button that shows us the form to register]], When get into the Utest page and click on the 'Join Today' button to register [Daniela register [Daniela enters 'Daniela' into field to write the name of the user, Daniela enters 'LondoÃ±o' into field to write the last name of the user, Daniela enters 'danielalj13@gmail.com' into field to write the user's email, Daniela select July on combo box to select de month of birth, Daniela select 13 on combo box to select the day of birth, Daniela select 1991 on combo box to select the year of birth, Daniela clicks on select the language, Daniela clicks on next button, Daniela clicks on select the city, Daniela enters 'Armenia' into select the city, Daniela types 'ARROW_DOWN' in select the city, Daniela types 'ARROW_DOWN' in enter the ZIP, Daniela enters '6600' into enter the ZIP, Daniela clicks on select the country, Daniela clicks on button to continue with the registration, Daniela clicks on enter name mobile, Daniela clicks on enter model mobile, Daniela clicks on enter system mobile, Daniela clicks on button to continue with the registration]]
[Test worker] WARN net.thucydides.core.steps.BaseStepListener - stepStarted: net.thucydides.core.steps.ExecutedStepDescription@176c4f32
[Test worker] WARN net.thucydides.core.steps.BaseStepListener - stepFinished: current outcome:Create an account:Given Daniela wants to create an account on the Utest page [Daniela open up [Daniela opens the Utest page], Daniela join today [Daniela clicks on button that shows us the form to register]], When get into the Utest page and click on the 'Join Today' button to register [Daniela register [Daniela enters 'Daniela' into field to write the name of the user, Daniela enters 'LondoÃ±o' into field to write the last name of the user, Daniela enters 'danielalj13@gmail.com' into field to write the user's email, Daniela select July on combo box to select de month of birth, Daniela select 13 on combo box to select the day of birth, Daniela select 1991 on combo box to select the year of birth, Daniela clicks on select the language, Daniela clicks on next button, Daniela clicks on select the city, Daniela enters 'Armenia' into select the city, Daniela types 'ARROW_DOWN' in select the city, Daniela types 'ARROW_DOWN' in enter the ZIP, Daniela enters '6600' into enter the ZIP, Daniela clicks on select the country, Daniela clicks on button to continue with the registration, Daniela clicks on enter name mobile, Daniela clicks on enter model mobile, Daniela clicks on enter system mobile, Daniela clicks on button to continue with the registration, Daniela enters '123Test*' into enter the password]]
[Test worker] WARN net.thucydides.core.steps.BaseStepListener - stepStarted: net.thucydides.core.steps.ExecutedStepDescription@186dadfb
[Test worker] WARN net.thucydides.core.steps.BaseStepListener - stepFinished: current outcome:Create an account:Given Daniela wants to create an account on the Utest page [Daniela open up [Daniela opens the Utest page], Daniela join today [Daniela clicks on button that shows us the form to register]], When get into the Utest page and click on the 'Join Today' button to register [Daniela register [Daniela enters 'Daniela' into field to write the name of the user, Daniela enters 'LondoÃ±o' into field to write the last name of the user, Daniela enters 'danielalj13@gmail.com' into field to write the user's email, Daniela select July on combo box to select de month of birth, Daniela select 13 on combo box to select the day of birth, Daniela select 1991 on combo box to select the year of birth, Daniela clicks on select the language, Daniela clicks on next button, Daniela clicks on select the city, Daniela enters 'Armenia' into select the city, Daniela types 'ARROW_DOWN' in select the city, Daniela types 'ARROW_DOWN' in enter the ZIP, Daniela enters '6600' into enter the ZIP, Daniela clicks on select the country, Daniela clicks on button to continue with the registration, Daniela clicks on enter name mobile, Daniela clicks on enter model mobile, Daniela clicks on enter system mobile, Daniela clicks on button to continue with the registration, Daniela enters '123Test*' into enter the password, Daniela enters '123Test*' into enter the confirm password]]
[Test worker] WARN net.thucydides.core.steps.BaseStepListener - stepStarted: net.thucydides.core.steps.ExecutedStepDescription@7f8b3984
[Test worker] WARN net.thucydides.core.steps.BaseStepListener - stepFinished: current outcome:Create an account:Given Daniela wants to create an account on the Utest page [Daniela open up [Daniela opens the Utest page], Daniela join today [Daniela clicks on button that shows us the form to register]], When get into the Utest page and click on the 'Join Today' button to register [Daniela register [Daniela enters 'Daniela' into field to write the name of the user, Daniela enters 'LondoÃ±o' into field to write the last name of the user, Daniela enters 'danielalj13@gmail.com' into field to write the user's email, Daniela select July on combo box to select de month of birth, Daniela select 13 on combo box to select the day of birth, Daniela select 1991 on combo box to select the year of birth, Daniela clicks on select the language, Daniela clicks on next button, Daniela clicks on select the city, Daniela enters 'Armenia' into select the city, Daniela types 'ARROW_DOWN' in select the city, Daniela types 'ARROW_DOWN' in enter the ZIP, Daniela enters '6600' into enter the ZIP, Daniela clicks on select the country, Daniela clicks on button to continue with the registration, Daniela clicks on enter name mobile, Daniela clicks on enter model mobile, Daniela clicks on enter system mobile, Daniela clicks on button to continue with the registration, Daniela enters '123Test*' into enter the password, Daniela enters '123Test*' into enter the confirm password, Daniela clicks on select accept]]
[Test worker] WARN net.thucydides.core.steps.BaseStepListener - stepStarted: net.thucydides.core.steps.ExecutedStepDescription@2f640f99
[Test worker] WARN net.thucydides.core.steps.BaseStepListener - stepFinished: current outcome:Create an account:Given Daniela wants to create an account on the Utest page [Daniela open up [Daniela opens the Utest page], Daniela join today [Daniela clicks on button that shows us the form to register]], When get into the Utest page and click on the 'Join Today' button to register [Daniela register [Daniela enters 'Daniela' into field to write the name of the user, Daniela enters 'LondoÃ±o' into field to write the last name of the user, Daniela enters 'danielalj13@gmail.com' into field to write the user's email, Daniela select July on combo box to select de month of birth, Daniela select 13 on combo box to select the day of birth, Daniela select 1991 on combo box to select the year of birth, Daniela clicks on select the language, Daniela clicks on next button, Daniela clicks on select the city, Daniela enters 'Armenia' into select the city, Daniela types 'ARROW_DOWN' in select the city, Daniela types 'ARROW_DOWN' in enter the ZIP, Daniela enters '6600' into enter the ZIP, Daniela clicks on select the country, Daniela clicks on button to continue with the registration, Daniela clicks on enter name mobile, Daniela clicks on enter model mobile, Daniela clicks on enter system mobile, Daniela clicks on button to continue with the registration, Daniela enters '123Test*' into enter the password, Daniela enters '123Test*' into enter the confirm password, Daniela clicks on select accept, Daniela clicks on select accept]]
[Test worker] WARN net.thucydides.core.steps.BaseStepListener - stepStarted: net.thucydides.core.steps.ExecutedStepDescription@6ea58036
[Test worker] WARN net.thucydides.core.steps.BaseStepListener - stepFinished: current outcome:Create an account:Given Daniela wants to create an account on the Utest page [Daniela open up [Daniela opens the Utest page], Daniela join today [Daniela clicks on button that shows us the form to register]], When get into the Utest page and click on the 'Join Today' button to register [Daniela register [Daniela enters 'Daniela' into field to write the name of the user, Daniela enters 'LondoÃ±o' into field to write the last name of the user, Daniela enters 'danielalj13@gmail.com' into field to write the user's email, Daniela select July on combo box to select de month of birth, Daniela select 13 on combo box to select the day of birth, Daniela select 1991 on combo box to select the year of birth, Daniela clicks on select the language, Daniela clicks on next button, Daniela clicks on select the city, Daniela enters 'Armenia' into select the city, Daniela types 'ARROW_DOWN' in select the city, Daniela types 'ARROW_DOWN' in enter the ZIP, Daniela enters '6600' into enter the ZIP, Daniela clicks on select the country, Daniela clicks on button to continue with the registration, Daniela clicks on enter name mobile, Daniela clicks on enter model mobile, Daniela clicks on enter system mobile, Daniela clicks on button to continue with the registration, Daniela enters '123Test*' into enter the password, Daniela enters '123Test*' into enter the confirm password, Daniela clicks on select accept, Daniela clicks on select accept, Daniela clicks on select accept]]
[Test worker] WARN net.thucydides.core.steps.BaseStepListener - stepStarted: net.thucydides.core.steps.ExecutedStepDescription@69624475
[Test worker] WARN net.thucydides.core.steps.BaseStepListener - stepFinished: current outcome:Create an account:Given Daniela wants to create an account on the Utest page [Daniela open up [Daniela opens the Utest page], Daniela join today [Daniela clicks on button that shows us the form to register]], When get into the Utest page and click on the 'Join Today' button to register [Daniela register [Daniela enters 'Daniela' into field to write the name of the user, Daniela enters 'LondoÃ±o' into field to write the last name of the user, Daniela enters 'danielalj13@gmail.com' into field to write the user's email, Daniela select July on combo box to select de month of birth, Daniela select 13 on combo box to select the day of birth, Daniela select 1991 on combo box to select the year of birth, Daniela clicks on select the language, Daniela clicks on next button, Daniela clicks on select the city, Daniela enters 'Armenia' into select the city, Daniela types 'ARROW_DOWN' in select the city, Daniela types 'ARROW_DOWN' in enter the ZIP, Daniela enters '6600' into enter the ZIP, Daniela clicks on select the country, Daniela clicks on button to continue with the registration, Daniela clicks on enter name mobile, Daniela clicks on enter model mobile, Daniela clicks on enter system mobile, Daniela clicks on button to continue with the registration, Daniela enters '123Test*' into enter the password, Daniela enters '123Test*' into enter the confirm password, Daniela clicks on select accept, Daniela clicks on select accept, Daniela clicks on select accept, Daniela clicks on button to continue with the registration]]
[Test worker] WARN net.thucydides.core.steps.BaseStepListener - stepFinished: current outcome:Create an account:Given Daniela wants to create an account on the Utest page [Daniela open up [Daniela opens the Utest page], Daniela join today [Daniela clicks on button that shows us the form to register]], When get into the Utest page and click on the 'Join Today' button to register [Daniela register [Daniela enters 'Daniela' into field to write the name of the user, Daniela enters 'LondoÃ±o' into field to write the last name of the user, Daniela enters 'danielalj13@gmail.com' into field to write the user's email, Daniela select July on combo box to select de month of birth, Daniela select 13 on combo box to select the day of birth, Daniela select 1991 on combo box to select the year of birth, Daniela clicks on select the language, Daniela clicks on next button, Daniela clicks on select the city, Daniela enters 'Armenia' into select the city, Daniela types 'ARROW_DOWN' in select the city, Daniela types 'ARROW_DOWN' in enter the ZIP, Daniela enters '6600' into enter the ZIP, Daniela clicks on select the country, Daniela clicks on button to continue with the registration, Daniela clicks on enter name mobile, Daniela clicks on enter model mobile, Daniela clicks on enter system mobile, Daniela clicks on button to continue with the registration, Daniela enters '123Test*' into enter the password, Daniela enters '123Test*' into enter the confirm password, Daniela clicks on select accept, Daniela clicks on select accept, Daniela clicks on select accept, Daniela clicks on button to continue with the registration]]
[Test worker] WARN net.thucydides.core.steps.BaseStepListener - stepFinished: current outcome:Create an account:Given Daniela wants to create an account on the Utest page [Daniela open up [Daniela opens the Utest page], Daniela join today [Daniela clicks on button that shows us the form to register]], When get into the Utest page and click on the 'Join Today' button to register [Daniela register [Daniela enters 'Daniela' into field to write the name of the user, Daniela enters 'LondoÃ±o' into field to write the last name of the user, Daniela enters 'danielalj13@gmail.com' into field to write the user's email, Daniela select July on combo box to select de month of birth, Daniela select 13 on combo box to select the day of birth, Daniela select 1991 on combo box to select the year of birth, Daniela clicks on select the language, Daniela clicks on next button, Daniela clicks on select the city, Daniela enters 'Armenia' into select the city, Daniela types 'ARROW_DOWN' in select the city, Daniela types 'ARROW_DOWN' in enter the ZIP, Daniela enters '6600' into enter the ZIP, Daniela clicks on select the country, Daniela clicks on button to continue with the registration, Daniela clicks on enter name mobile, Daniela clicks on enter model mobile, Daniela clicks on enter system mobile, Daniela clicks on button to continue with the registration, Daniela enters '123Test*' into enter the password, Daniela enters '123Test*' into enter the confirm password, Daniela clicks on select accept, Daniela clicks on select accept, Daniela clicks on select accept, Daniela clicks on button to continue with the registration]]
[Test worker] WARN net.thucydides.core.steps.BaseStepListener - stepStarted: net.thucydides.core.steps.ExecutedStepDescription@4859eb42
[Test worker] WARN net.thucydides.core.steps.BaseStepListener - stepStarted: net.thucydides.core.steps.ExecutedStepDescription@1e398574
[Test worker] WARN net.thucydides.core.steps.BaseStepListener - testFinished: Create an account:Given Daniela wants to create an account on the Utest page [Daniela open up [Daniela opens the Utest page], Daniela join today [Daniela clicks on button that shows us the form to register]], When get into the Utest page and click on the 'Join Today' button to register [Daniela register [Daniela enters 'Daniela' into field to write the name of the user, Daniela enters 'LondoÃ±o' into field to write the last name of the user, Daniela enters 'danielalj13@gmail.com' into field to write the user's email, Daniela select July on combo box to select de month of birth, Daniela select 13 on combo box to select the day of birth, Daniela select 1991 on combo box to select the year of birth, Daniela clicks on select the language, Daniela clicks on next button, Daniela clicks on select the city, Daniela enters 'Armenia' into select the city, Daniela types 'ARROW_DOWN' in select the city, Daniela types 'ARROW_DOWN' in enter the ZIP, Daniela enters '6600' into enter the ZIP, Daniela clicks on select the country, Daniela clicks on button to continue with the registration, Daniela clicks on enter name mobile, Daniela clicks on enter model mobile, Daniela clicks on enter system mobile, Daniela clicks on button to continue with the registration, Daniela enters '123Test*' into enter the password, Daniela enters '123Test*' into enter the confirm password, Daniela clicks on select accept, Daniela clicks on select accept, Daniela clicks on select accept, Daniela clicks on button to continue with the registration]], Then she register the information for the successful creation of the account [Then answer]
[Test worker] WARN net.thucydides.core.steps.BaseStepListener - TestOutcomes: [Create an account:Given Daniela wants to create an account on the Utest page [Daniela open up [Daniela opens the Utest page], Daniela join today [Daniela clicks on button that shows us the form to register]], When get into the Utest page and click on the 'Join Today' button to register [Daniela register [Daniela enters 'Daniela' into field to write the name of the user, Daniela enters 'LondoÃ±o' into field to write the last name of the user, Daniela enters 'danielalj13@gmail.com' into field to write the user's email, Daniela select July on combo box to select de month of birth, Daniela select 13 on combo box to select the day of birth, Daniela select 1991 on combo box to select the year of birth, Daniela clicks on select the language, Daniela clicks on next button, Daniela clicks on select the city, Daniela enters 'Armenia' into select the city, Daniela types 'ARROW_DOWN' in select the city, Daniela types 'ARROW_DOWN' in enter the ZIP, Daniela enters '6600' into enter the ZIP, Daniela clicks on select the country, Daniela clicks on button to continue with the registration, Daniela clicks on enter name mobile, Daniela clicks on enter model mobile, Daniela clicks on enter system mobile, Daniela clicks on button to continue with the registration, Daniela enters '123Test*' into enter the password, Daniela enters '123Test*' into enter the confirm password, Daniela clicks on select accept, Daniela clicks on select accept, Daniela clicks on select accept, Daniela clicks on button to continue with the registration]], Then she register the information for the successful creation of the account [Then answer]]
[Test worker] WARN net.thucydides.core.steps.BaseStepListener - Final testOutcomes: [Create an account:Given Daniela wants to create an account on the Utest page [Daniela open up [Daniela opens the Utest page], Daniela join today [Daniela clicks on button that shows us the form to register]], When get into the Utest page and click on the 'Join Today' button to register [Daniela register [Daniela enters 'Daniela' into field to write the name of the user, Daniela enters 'LondoÃ±o' into field to write the last name of the user, Daniela enters 'danielalj13@gmail.com' into field to write the user's email, Daniela select July on combo box to select de month of birth, Daniela select 13 on combo box to select the day of birth, Daniela select 1991 on combo box to select the year of birth, Daniela clicks on select the language, Daniela clicks on next button, Daniela clicks on select the city, Daniela enters 'Armenia' into select the city, Daniela types 'ARROW_DOWN' in select the city, Daniela types 'ARROW_DOWN' in enter the ZIP, Daniela enters '6600' into enter the ZIP, Daniela clicks on select the country, Daniela clicks on button to continue with the registration, Daniela clicks on enter name mobile, Daniela clicks on enter model mobile, Daniela clicks on enter system mobile, Daniela clicks on button to continue with the registration, Daniela enters '123Test*' into enter the password, Daniela enters '123Test*' into enter the confirm password, Daniela clicks on select accept, Daniela clicks on select accept, Daniela clicks on select accept, Daniela clicks on button to continue with the registration]], Then she register the information for the successful creation of the account [Then answer]]
[Test worker] ERROR net.thucydides.core.steps.ConsoleLoggingListener - 
           __  _____ _____ ____ _____   _____ _    ___ _     _____ ____  
  _       / / |_   _| ____/ ___|_   _| |  ___/ \  |_ _| |   | ____|  _ \ 
 (_)_____| |    | | |  _| \___ \ | |   | |_ / _ \  | || |   |  _| | | | |
  _|_____| |    | | | |___ ___) || |   |  _/ ___ \ | || |___| |___| |_| |
 (_)     | |    |_| |_____|____/ |_|   |_|/_/   \_\___|_____|_____|____/ 
          \_\                                                            

TEST FAILED: Create an account
--------------------------------------------------------------------------
[Test worker] ERROR net.thucydides.core.steps.ConsoleLoggingListener - TEST FAILED AT STEP Then answer
[Test worker] ERROR net.thucydides.core.steps.ConsoleLoggingListener - Expected answerExpected: is <true> but: was <false>
]]></system-err>
</testsuite>
